<?xml version="1.0" encoding="UTF-8"?>
<testsuite xmlns:xsi="http://www.w3.org/2001/XMLSchema-instance" xsi:noNamespaceSchemaLocation="https://maven.apache.org/surefire/maven-surefire-plugin/xsd/surefire-test-report.xsd" name="TestSuite" time="2.492" tests="0" errors="0" skipped="0" failures="0">
  <properties>
    <property name="sun.desktop" value="gnome"/>
    <property name="awt.toolkit" value="sun.awt.X11.XToolkit"/>
    <property name="file.encoding.pkg" value="sun.io"/>
    <property name="java.specification.version" value="1.8"/>
    <property name="sun.cpu.isalist" value=""/>
    <property name="sun.jnu.encoding" value="UTF-8"/>
    <property name="java.class.path" value="/home/andrii/IdeaProjects/standalone-test/target/test-classes:/home/andrii/IdeaProjects/standalone-test/target/classes:/home/andrii/.m2/repository/org/seleniumhq/selenium/selenium-java/3.11.0/selenium-java-3.11.0.jar:/home/andrii/.m2/repository/org/seleniumhq/selenium/selenium-api/3.11.0/selenium-api-3.11.0.jar:/home/andrii/.m2/repository/org/seleniumhq/selenium/selenium-edge-driver/3.11.0/selenium-edge-driver-3.11.0.jar:/home/andrii/.m2/repository/org/seleniumhq/selenium/selenium-ie-driver/3.11.0/selenium-ie-driver-3.11.0.jar:/home/andrii/.m2/repository/org/seleniumhq/selenium/selenium-opera-driver/3.11.0/selenium-opera-driver-3.11.0.jar:/home/andrii/.m2/repository/org/seleniumhq/selenium/selenium-remote-driver/3.11.0/selenium-remote-driver-3.11.0.jar:/home/andrii/.m2/repository/org/seleniumhq/selenium/selenium-safari-driver/3.11.0/selenium-safari-driver-3.11.0.jar:/home/andrii/.m2/repository/org/seleniumhq/selenium/selenium-support/3.11.0/selenium-support-3.11.0.jar:/home/andrii/.m2/repository/net/bytebuddy/byte-buddy/1.7.9/byte-buddy-1.7.9.jar:/home/andrii/.m2/repository/org/apache/commons/commons-exec/1.3/commons-exec-1.3.jar:/home/andrii/.m2/repository/commons-codec/commons-codec/1.10/commons-codec-1.10.jar:/home/andrii/.m2/repository/commons-logging/commons-logging/1.2/commons-logging-1.2.jar:/home/andrii/.m2/repository/com/google/code/gson/gson/2.8.2/gson-2.8.2.jar:/home/andrii/.m2/repository/com/google/guava/guava/23.6-jre/guava-23.6-jre.jar:/home/andrii/.m2/repository/com/google/code/findbugs/jsr305/1.3.9/jsr305-1.3.9.jar:/home/andrii/.m2/repository/org/checkerframework/checker-compat-qual/2.0.0/checker-compat-qual-2.0.0.jar:/home/andrii/.m2/repository/com/google/errorprone/error_prone_annotations/2.1.3/error_prone_annotations-2.1.3.jar:/home/andrii/.m2/repository/com/google/j2objc/j2objc-annotations/1.1/j2objc-annotations-1.1.jar:/home/andrii/.m2/repository/org/codehaus/mojo/animal-sniffer-annotations/1.14/animal-sniffer-annotations-1.14.jar:/home/andrii/.m2/repository/org/apache/httpcomponents/httpclient/4.5.3/httpclient-4.5.3.jar:/home/andrii/.m2/repository/org/apache/httpcomponents/httpcore/4.4.6/httpcore-4.4.6.jar:/home/andrii/.m2/repository/com/squareup/okhttp3/okhttp/3.9.1/okhttp-3.9.1.jar:/home/andrii/.m2/repository/com/squareup/okio/okio/1.13.0/okio-1.13.0.jar:/home/andrii/.m2/repository/org/seleniumhq/selenium/selenium-firefox-driver/3.11.0/selenium-firefox-driver-3.11.0.jar:/home/andrii/.m2/repository/org/seleniumhq/selenium/selenium-chrome-driver/3.11.0/selenium-chrome-driver-3.11.0.jar:/home/andrii/.m2/repository/io/rest-assured/rest-assured/3.0.7/rest-assured-3.0.7.jar:/home/andrii/.m2/repository/org/codehaus/groovy/groovy/2.4.12/groovy-2.4.12.jar:/home/andrii/.m2/repository/org/codehaus/groovy/groovy-xml/2.4.12/groovy-xml-2.4.12.jar:/home/andrii/.m2/repository/org/apache/httpcomponents/httpmime/4.5.1/httpmime-4.5.1.jar:/home/andrii/.m2/repository/org/hamcrest/hamcrest-core/1.3/hamcrest-core-1.3.jar:/home/andrii/.m2/repository/org/hamcrest/hamcrest-library/1.3/hamcrest-library-1.3.jar:/home/andrii/.m2/repository/org/ccil/cowan/tagsoup/tagsoup/1.2.1/tagsoup-1.2.1.jar:/home/andrii/.m2/repository/io/rest-assured/json-path/3.0.7/json-path-3.0.7.jar:/home/andrii/.m2/repository/org/codehaus/groovy/groovy-json/2.4.12/groovy-json-2.4.12.jar:/home/andrii/.m2/repository/io/rest-assured/rest-assured-common/3.0.7/rest-assured-common-3.0.7.jar:/home/andrii/.m2/repository/io/rest-assured/xml-path/3.0.7/xml-path-3.0.7.jar:/home/andrii/.m2/repository/org/apache/commons/commons-lang3/3.4/commons-lang3-3.4.jar:/home/andrii/.m2/repository/javax/xml/bind/jaxb-api/2.2.12/jaxb-api-2.2.12.jar:/home/andrii/.m2/repository/io/rest-assured/json-schema-validator/3.0.7/json-schema-validator-3.0.7.jar:/home/andrii/.m2/repository/com/github/fge/json-schema-validator/2.2.6/json-schema-validator-2.2.6.jar:/home/andrii/.m2/repository/joda-time/joda-time/2.3/joda-time-2.3.jar:/home/andrii/.m2/repository/com/googlecode/libphonenumber/libphonenumber/6.2/libphonenumber-6.2.jar:/home/andrii/.m2/repository/com/github/fge/json-schema-core/1.2.5/json-schema-core-1.2.5.jar:/home/andrii/.m2/repository/com/github/fge/uri-template/0.9/uri-template-0.9.jar:/home/andrii/.m2/repository/com/github/fge/msg-simple/1.1/msg-simple-1.1.jar:/home/andrii/.m2/repository/com/github/fge/btf/1.2/btf-1.2.jar:/home/andrii/.m2/repository/com/github/fge/jackson-coreutils/1.8/jackson-coreutils-1.8.jar:/home/andrii/.m2/repository/org/mozilla/rhino/1.7R4/rhino-1.7R4.jar:/home/andrii/.m2/repository/javax/mail/mailapi/1.4.3/mailapi-1.4.3.jar:/home/andrii/.m2/repository/javax/activation/activation/1.1/activation-1.1.jar:/home/andrii/.m2/repository/net/sf/jopt-simple/jopt-simple/4.6/jopt-simple-4.6.jar:/home/andrii/.m2/repository/org/testng/testng/6.11/testng-6.11.jar:/home/andrii/.m2/repository/com/beust/jcommander/1.64/jcommander-1.64.jar:/home/andrii/.m2/repository/org/yaml/snakeyaml/1.17/snakeyaml-1.17.jar:/home/andrii/.m2/repository/com/codeborne/selenide/4.11.2/selenide-4.11.2.jar:/home/andrii/.m2/repository/io/github/bonigarcia/webdrivermanager/2.2.1/webdrivermanager-2.2.1.jar:/home/andrii/.m2/repository/commons-io/commons-io/2.5/commons-io-2.5.jar:/home/andrii/.m2/repository/org/rauschig/jarchivelib/0.7.1/jarchivelib-0.7.1.jar:/home/andrii/.m2/repository/org/apache/commons/commons-compress/1.9/commons-compress-1.9.jar:/home/andrii/.m2/repository/org/jsoup/jsoup/1.10.2/jsoup-1.10.2.jar:/home/andrii/.m2/repository/ch/qos/logback/logback-classic/1.2.3/logback-classic-1.2.3.jar:/home/andrii/.m2/repository/ch/qos/logback/logback-core/1.2.3/logback-core-1.2.3.jar:/home/andrii/.m2/repository/net/lightbody/bmp/browsermob-core/2.1.5/browsermob-core-2.1.5.jar:/home/andrii/.m2/repository/net/lightbody/bmp/littleproxy/1.1.0-beta-bmp-17/littleproxy-1.1.0-beta-bmp-17.jar:/home/andrii/.m2/repository/com/fasterxml/jackson/core/jackson-core/2.8.9/jackson-core-2.8.9.jar:/home/andrii/.m2/repository/com/fasterxml/jackson/core/jackson-annotations/2.8.9/jackson-annotations-2.8.9.jar:/home/andrii/.m2/repository/dnsjava/dnsjava/2.1.8/dnsjava-2.1.8.jar:/home/andrii/.m2/repository/org/slf4j/jcl-over-slf4j/1.7.25/jcl-over-slf4j-1.7.25.jar:/home/andrii/.m2/repository/com/jcraft/jzlib/1.1.3/jzlib-1.1.3.jar:/home/andrii/.m2/repository/io/netty/netty-all/4.0.51.Final/netty-all-4.0.51.Final.jar:/home/andrii/.m2/repository/org/bouncycastle/bcprov-jdk15on/1.58/bcprov-jdk15on-1.58.jar:/home/andrii/.m2/repository/org/bouncycastle/bcpkix-jdk15on/1.58/bcpkix-jdk15on-1.58.jar:/home/andrii/.m2/repository/net/lightbody/bmp/mitm/2.1.5/mitm-2.1.5.jar:/home/andrii/.m2/repository/ru/yandex/qatools/allure/allure-testng-adaptor/1.5.4/allure-testng-adaptor-1.5.4.jar:/home/andrii/.m2/repository/ru/yandex/qatools/allure/allure-java-annotations/1.5.4/allure-java-annotations-1.5.4.jar:/home/andrii/.m2/repository/ru/yandex/qatools/allure/allure-model/1.5.4/allure-model-1.5.4.jar:/home/andrii/.m2/repository/org/jvnet/jaxb2_commons/jaxb2-basics-runtime/0.9.3/jaxb2-basics-runtime-0.9.3.jar:/home/andrii/.m2/repository/ru/qatools/commons/properties/2.0.RC5/properties-2.0.RC5.jar:/home/andrii/.m2/repository/ru/yandex/qatools/allure/allure-java-aspects/1.5.4/allure-java-aspects-1.5.4.jar:/home/andrii/.m2/repository/ru/yandex/qatools/allure/allure-java-adaptor-api/1.5.4/allure-java-adaptor-api-1.5.4.jar:/home/andrii/.m2/repository/org/apache/tika/tika-core/1.7/tika-core-1.7.jar:/home/andrii/.m2/repository/ru/yandex/qatools/allure/allure-report-data/1.5.4/allure-report-data-1.5.4.jar:/home/andrii/.m2/repository/ru/yandex/qatools/allure/allure-report-plugin-api/1.5.4/allure-report-plugin-api-1.5.4.jar:/home/andrii/.m2/repository/com/google/inject/guice/4.0/guice-4.0.jar:/home/andrii/.m2/repository/javax/inject/javax.inject/1/javax.inject-1.jar:/home/andrii/.m2/repository/aopalliance/aopalliance/1.0/aopalliance-1.0.jar:/home/andrii/.m2/repository/ru/yandex/qatools/allure/allure-commons/1.5.4/allure-commons-1.5.4.jar:/home/andrii/.m2/repository/com/fasterxml/jackson/core/jackson-databind/2.3.0/jackson-databind-2.3.0.jar:/home/andrii/.m2/repository/com/fasterxml/jackson/module/jackson-module-jaxb-annotations/2.3.0/jackson-module-jaxb-annotations-2.3.0.jar:/home/andrii/.m2/repository/org/pegdown/pegdown/1.4.2/pegdown-1.4.2.jar:/home/andrii/.m2/repository/org/parboiled/parboiled-java/1.1.6/parboiled-java-1.1.6.jar:/home/andrii/.m2/repository/org/parboiled/parboiled-core/1.1.6/parboiled-core-1.1.6.jar:/home/andrii/.m2/repository/org/ow2/asm/asm/4.1/asm-4.1.jar:/home/andrii/.m2/repository/org/ow2/asm/asm-tree/4.1/asm-tree-4.1.jar:/home/andrii/.m2/repository/org/ow2/asm/asm-analysis/4.1/asm-analysis-4.1.jar:/home/andrii/.m2/repository/org/ow2/asm/asm-util/4.1/asm-util-4.1.jar:/home/andrii/.m2/repository/org/modelmapper/modelmapper/0.7.3/modelmapper-0.7.3.jar:/home/andrii/.m2/repository/org/codehaus/groovy/groovy/2.4.3/groovy-2.4.3-indy.jar:/home/andrii/.m2/repository/org/freemarker/freemarker/2.3.23/freemarker-2.3.23.jar:/home/andrii/.m2/repository/org/aspectj/aspectjrt/1.8.12/aspectjrt-1.8.12.jar:/home/andrii/.m2/repository/org/slf4j/slf4j-simple/1.7.25/slf4j-simple-1.7.25.jar:/home/andrii/.m2/repository/org/slf4j/slf4j-api/1.7.25/slf4j-api-1.7.25.jar:/home/andrii/.m2/repository/javax/mail/javax.mail-api/1.6.0/javax.mail-api-1.6.0.jar:"/>
    <property name="java.vm.vendor" value="Oracle Corporation"/>
    <property name="sun.arch.data.model" value="64"/>
    <property name="java.vendor.url" value="http://java.oracle.com/"/>
    <property name="user.timezone" value=""/>
    <property name="java.vm.specification.version" value="1.8"/>
    <property name="os.name" value="Linux"/>
    <property name="user.country" value="US"/>
    <property name="sun.java.launcher" value="SUN_STANDARD"/>
    <property name="sun.boot.library.path" value="/usr/lib/jvm/java-8-openjdk-amd64/jre/lib/amd64"/>
    <property name="sun.java.command" value="/home/andrii/IdeaProjects/standalone-test/target/surefire/surefirebooter126441026098222681.jar /home/andrii/IdeaProjects/standalone-test/target/surefire 2019-03-06T18-11-08_432-jvmRun1 surefire5428670035361555128tmp surefire_04565492313479837806tmp"/>
    <property name="surefire.test.class.path" value="/home/andrii/IdeaProjects/standalone-test/target/test-classes:/home/andrii/IdeaProjects/standalone-test/target/classes:/home/andrii/.m2/repository/org/seleniumhq/selenium/selenium-java/3.11.0/selenium-java-3.11.0.jar:/home/andrii/.m2/repository/org/seleniumhq/selenium/selenium-api/3.11.0/selenium-api-3.11.0.jar:/home/andrii/.m2/repository/org/seleniumhq/selenium/selenium-edge-driver/3.11.0/selenium-edge-driver-3.11.0.jar:/home/andrii/.m2/repository/org/seleniumhq/selenium/selenium-ie-driver/3.11.0/selenium-ie-driver-3.11.0.jar:/home/andrii/.m2/repository/org/seleniumhq/selenium/selenium-opera-driver/3.11.0/selenium-opera-driver-3.11.0.jar:/home/andrii/.m2/repository/org/seleniumhq/selenium/selenium-remote-driver/3.11.0/selenium-remote-driver-3.11.0.jar:/home/andrii/.m2/repository/org/seleniumhq/selenium/selenium-safari-driver/3.11.0/selenium-safari-driver-3.11.0.jar:/home/andrii/.m2/repository/org/seleniumhq/selenium/selenium-support/3.11.0/selenium-support-3.11.0.jar:/home/andrii/.m2/repository/net/bytebuddy/byte-buddy/1.7.9/byte-buddy-1.7.9.jar:/home/andrii/.m2/repository/org/apache/commons/commons-exec/1.3/commons-exec-1.3.jar:/home/andrii/.m2/repository/commons-codec/commons-codec/1.10/commons-codec-1.10.jar:/home/andrii/.m2/repository/commons-logging/commons-logging/1.2/commons-logging-1.2.jar:/home/andrii/.m2/repository/com/google/code/gson/gson/2.8.2/gson-2.8.2.jar:/home/andrii/.m2/repository/com/google/guava/guava/23.6-jre/guava-23.6-jre.jar:/home/andrii/.m2/repository/com/google/code/findbugs/jsr305/1.3.9/jsr305-1.3.9.jar:/home/andrii/.m2/repository/org/checkerframework/checker-compat-qual/2.0.0/checker-compat-qual-2.0.0.jar:/home/andrii/.m2/repository/com/google/errorprone/error_prone_annotations/2.1.3/error_prone_annotations-2.1.3.jar:/home/andrii/.m2/repository/com/google/j2objc/j2objc-annotations/1.1/j2objc-annotations-1.1.jar:/home/andrii/.m2/repository/org/codehaus/mojo/animal-sniffer-annotations/1.14/animal-sniffer-annotations-1.14.jar:/home/andrii/.m2/repository/org/apache/httpcomponents/httpclient/4.5.3/httpclient-4.5.3.jar:/home/andrii/.m2/repository/org/apache/httpcomponents/httpcore/4.4.6/httpcore-4.4.6.jar:/home/andrii/.m2/repository/com/squareup/okhttp3/okhttp/3.9.1/okhttp-3.9.1.jar:/home/andrii/.m2/repository/com/squareup/okio/okio/1.13.0/okio-1.13.0.jar:/home/andrii/.m2/repository/org/seleniumhq/selenium/selenium-firefox-driver/3.11.0/selenium-firefox-driver-3.11.0.jar:/home/andrii/.m2/repository/org/seleniumhq/selenium/selenium-chrome-driver/3.11.0/selenium-chrome-driver-3.11.0.jar:/home/andrii/.m2/repository/io/rest-assured/rest-assured/3.0.7/rest-assured-3.0.7.jar:/home/andrii/.m2/repository/org/codehaus/groovy/groovy/2.4.12/groovy-2.4.12.jar:/home/andrii/.m2/repository/org/codehaus/groovy/groovy-xml/2.4.12/groovy-xml-2.4.12.jar:/home/andrii/.m2/repository/org/apache/httpcomponents/httpmime/4.5.1/httpmime-4.5.1.jar:/home/andrii/.m2/repository/org/hamcrest/hamcrest-core/1.3/hamcrest-core-1.3.jar:/home/andrii/.m2/repository/org/hamcrest/hamcrest-library/1.3/hamcrest-library-1.3.jar:/home/andrii/.m2/repository/org/ccil/cowan/tagsoup/tagsoup/1.2.1/tagsoup-1.2.1.jar:/home/andrii/.m2/repository/io/rest-assured/json-path/3.0.7/json-path-3.0.7.jar:/home/andrii/.m2/repository/org/codehaus/groovy/groovy-json/2.4.12/groovy-json-2.4.12.jar:/home/andrii/.m2/repository/io/rest-assured/rest-assured-common/3.0.7/rest-assured-common-3.0.7.jar:/home/andrii/.m2/repository/io/rest-assured/xml-path/3.0.7/xml-path-3.0.7.jar:/home/andrii/.m2/repository/org/apache/commons/commons-lang3/3.4/commons-lang3-3.4.jar:/home/andrii/.m2/repository/javax/xml/bind/jaxb-api/2.2.12/jaxb-api-2.2.12.jar:/home/andrii/.m2/repository/io/rest-assured/json-schema-validator/3.0.7/json-schema-validator-3.0.7.jar:/home/andrii/.m2/repository/com/github/fge/json-schema-validator/2.2.6/json-schema-validator-2.2.6.jar:/home/andrii/.m2/repository/joda-time/joda-time/2.3/joda-time-2.3.jar:/home/andrii/.m2/repository/com/googlecode/libphonenumber/libphonenumber/6.2/libphonenumber-6.2.jar:/home/andrii/.m2/repository/com/github/fge/json-schema-core/1.2.5/json-schema-core-1.2.5.jar:/home/andrii/.m2/repository/com/github/fge/uri-template/0.9/uri-template-0.9.jar:/home/andrii/.m2/repository/com/github/fge/msg-simple/1.1/msg-simple-1.1.jar:/home/andrii/.m2/repository/com/github/fge/btf/1.2/btf-1.2.jar:/home/andrii/.m2/repository/com/github/fge/jackson-coreutils/1.8/jackson-coreutils-1.8.jar:/home/andrii/.m2/repository/org/mozilla/rhino/1.7R4/rhino-1.7R4.jar:/home/andrii/.m2/repository/javax/mail/mailapi/1.4.3/mailapi-1.4.3.jar:/home/andrii/.m2/repository/javax/activation/activation/1.1/activation-1.1.jar:/home/andrii/.m2/repository/net/sf/jopt-simple/jopt-simple/4.6/jopt-simple-4.6.jar:/home/andrii/.m2/repository/org/testng/testng/6.11/testng-6.11.jar:/home/andrii/.m2/repository/com/beust/jcommander/1.64/jcommander-1.64.jar:/home/andrii/.m2/repository/org/yaml/snakeyaml/1.17/snakeyaml-1.17.jar:/home/andrii/.m2/repository/com/codeborne/selenide/4.11.2/selenide-4.11.2.jar:/home/andrii/.m2/repository/io/github/bonigarcia/webdrivermanager/2.2.1/webdrivermanager-2.2.1.jar:/home/andrii/.m2/repository/commons-io/commons-io/2.5/commons-io-2.5.jar:/home/andrii/.m2/repository/org/rauschig/jarchivelib/0.7.1/jarchivelib-0.7.1.jar:/home/andrii/.m2/repository/org/apache/commons/commons-compress/1.9/commons-compress-1.9.jar:/home/andrii/.m2/repository/org/jsoup/jsoup/1.10.2/jsoup-1.10.2.jar:/home/andrii/.m2/repository/ch/qos/logback/logback-classic/1.2.3/logback-classic-1.2.3.jar:/home/andrii/.m2/repository/ch/qos/logback/logback-core/1.2.3/logback-core-1.2.3.jar:/home/andrii/.m2/repository/net/lightbody/bmp/browsermob-core/2.1.5/browsermob-core-2.1.5.jar:/home/andrii/.m2/repository/net/lightbody/bmp/littleproxy/1.1.0-beta-bmp-17/littleproxy-1.1.0-beta-bmp-17.jar:/home/andrii/.m2/repository/com/fasterxml/jackson/core/jackson-core/2.8.9/jackson-core-2.8.9.jar:/home/andrii/.m2/repository/com/fasterxml/jackson/core/jackson-annotations/2.8.9/jackson-annotations-2.8.9.jar:/home/andrii/.m2/repository/dnsjava/dnsjava/2.1.8/dnsjava-2.1.8.jar:/home/andrii/.m2/repository/org/slf4j/jcl-over-slf4j/1.7.25/jcl-over-slf4j-1.7.25.jar:/home/andrii/.m2/repository/com/jcraft/jzlib/1.1.3/jzlib-1.1.3.jar:/home/andrii/.m2/repository/io/netty/netty-all/4.0.51.Final/netty-all-4.0.51.Final.jar:/home/andrii/.m2/repository/org/bouncycastle/bcprov-jdk15on/1.58/bcprov-jdk15on-1.58.jar:/home/andrii/.m2/repository/org/bouncycastle/bcpkix-jdk15on/1.58/bcpkix-jdk15on-1.58.jar:/home/andrii/.m2/repository/net/lightbody/bmp/mitm/2.1.5/mitm-2.1.5.jar:/home/andrii/.m2/repository/ru/yandex/qatools/allure/allure-testng-adaptor/1.5.4/allure-testng-adaptor-1.5.4.jar:/home/andrii/.m2/repository/ru/yandex/qatools/allure/allure-java-annotations/1.5.4/allure-java-annotations-1.5.4.jar:/home/andrii/.m2/repository/ru/yandex/qatools/allure/allure-model/1.5.4/allure-model-1.5.4.jar:/home/andrii/.m2/repository/org/jvnet/jaxb2_commons/jaxb2-basics-runtime/0.9.3/jaxb2-basics-runtime-0.9.3.jar:/home/andrii/.m2/repository/ru/qatools/commons/properties/2.0.RC5/properties-2.0.RC5.jar:/home/andrii/.m2/repository/ru/yandex/qatools/allure/allure-java-aspects/1.5.4/allure-java-aspects-1.5.4.jar:/home/andrii/.m2/repository/ru/yandex/qatools/allure/allure-java-adaptor-api/1.5.4/allure-java-adaptor-api-1.5.4.jar:/home/andrii/.m2/repository/org/apache/tika/tika-core/1.7/tika-core-1.7.jar:/home/andrii/.m2/repository/ru/yandex/qatools/allure/allure-report-data/1.5.4/allure-report-data-1.5.4.jar:/home/andrii/.m2/repository/ru/yandex/qatools/allure/allure-report-plugin-api/1.5.4/allure-report-plugin-api-1.5.4.jar:/home/andrii/.m2/repository/com/google/inject/guice/4.0/guice-4.0.jar:/home/andrii/.m2/repository/javax/inject/javax.inject/1/javax.inject-1.jar:/home/andrii/.m2/repository/aopalliance/aopalliance/1.0/aopalliance-1.0.jar:/home/andrii/.m2/repository/ru/yandex/qatools/allure/allure-commons/1.5.4/allure-commons-1.5.4.jar:/home/andrii/.m2/repository/com/fasterxml/jackson/core/jackson-databind/2.3.0/jackson-databind-2.3.0.jar:/home/andrii/.m2/repository/com/fasterxml/jackson/module/jackson-module-jaxb-annotations/2.3.0/jackson-module-jaxb-annotations-2.3.0.jar:/home/andrii/.m2/repository/org/pegdown/pegdown/1.4.2/pegdown-1.4.2.jar:/home/andrii/.m2/repository/org/parboiled/parboiled-java/1.1.6/parboiled-java-1.1.6.jar:/home/andrii/.m2/repository/org/parboiled/parboiled-core/1.1.6/parboiled-core-1.1.6.jar:/home/andrii/.m2/repository/org/ow2/asm/asm/4.1/asm-4.1.jar:/home/andrii/.m2/repository/org/ow2/asm/asm-tree/4.1/asm-tree-4.1.jar:/home/andrii/.m2/repository/org/ow2/asm/asm-analysis/4.1/asm-analysis-4.1.jar:/home/andrii/.m2/repository/org/ow2/asm/asm-util/4.1/asm-util-4.1.jar:/home/andrii/.m2/repository/org/modelmapper/modelmapper/0.7.3/modelmapper-0.7.3.jar:/home/andrii/.m2/repository/org/codehaus/groovy/groovy/2.4.3/groovy-2.4.3-indy.jar:/home/andrii/.m2/repository/org/freemarker/freemarker/2.3.23/freemarker-2.3.23.jar:/home/andrii/.m2/repository/org/aspectj/aspectjrt/1.8.12/aspectjrt-1.8.12.jar:/home/andrii/.m2/repository/org/slf4j/slf4j-simple/1.7.25/slf4j-simple-1.7.25.jar:/home/andrii/.m2/repository/org/slf4j/slf4j-api/1.7.25/slf4j-api-1.7.25.jar:/home/andrii/.m2/repository/javax/mail/javax.mail-api/1.6.0/javax.mail-api-1.6.0.jar:"/>
    <property name="sun.cpu.endian" value="little"/>
    <property name="user.home" value="/home/andrii"/>
    <property name="user.language" value="en"/>
    <property name="java.specification.vendor" value="Oracle Corporation"/>
    <property name="java.home" value="/usr/lib/jvm/java-8-openjdk-amd64/jre"/>
    <property name="basedir" value="/home/andrii/IdeaProjects/standalone-test"/>
    <property name="file.separator" value="/"/>
    <property name="line.separator" value="&#10;"/>
    <property name="java.vm.specification.vendor" value="Oracle Corporation"/>
    <property name="java.specification.name" value="Java Platform API Specification"/>
    <property name="java.awt.graphicsenv" value="sun.awt.X11GraphicsEnvironment"/>
    <property name="surefire.real.class.path" value="/home/andrii/IdeaProjects/standalone-test/target/surefire/surefirebooter126441026098222681.jar:/home/andrii/.m2/repository/org/aspectj/aspectjweaver/1.8.12/aspectjweaver-1.8.12.jar"/>
    <property name="sun.boot.class.path" value="/usr/lib/jvm/java-8-openjdk-amd64/jre/lib/resources.jar:/usr/lib/jvm/java-8-openjdk-amd64/jre/lib/rt.jar:/usr/lib/jvm/java-8-openjdk-amd64/jre/lib/sunrsasign.jar:/usr/lib/jvm/java-8-openjdk-amd64/jre/lib/jsse.jar:/usr/lib/jvm/java-8-openjdk-amd64/jre/lib/jce.jar:/usr/lib/jvm/java-8-openjdk-amd64/jre/lib/charsets.jar:/usr/lib/jvm/java-8-openjdk-amd64/jre/lib/jfr.jar:/usr/lib/jvm/java-8-openjdk-amd64/jre/classes"/>
    <property name="sun.management.compiler" value="HotSpot 64-Bit Tiered Compilers"/>
    <property name="java.runtime.version" value="1.8.0_191-8u191-b12-2ubuntu0.16.04.1-b12"/>
    <property name="user.name" value="andrii"/>
    <property name="path.separator" value=":"/>
    <property name="os.version" value="4.4.0-142-generic"/>
    <property name="java.endorsed.dirs" value="/usr/lib/jvm/java-8-openjdk-amd64/jre/lib/endorsed"/>
    <property name="java.runtime.name" value="OpenJDK Runtime Environment"/>
    <property name="file.encoding" value="UTF-8"/>
    <property name="java.vm.name" value="OpenJDK 64-Bit Server VM"/>
    <property name="localRepository" value="/home/andrii/.m2/repository"/>
    <property name="java.vendor.url.bug" value="http://bugreport.sun.com/bugreport/"/>
    <property name="java.io.tmpdir" value="/tmp"/>
    <property name="java.version" value="1.8.0_191"/>
    <property name="user.dir" value="/home/andrii/IdeaProjects/standalone-test"/>
    <property name="os.arch" value="amd64"/>
    <property name="java.vm.specification.name" value="Java Virtual Machine Specification"/>
    <property name="java.awt.printerjob" value="sun.print.PSPrinterJob"/>
    <property name="url" value="https://stfalcon.com"/>
    <property name="sun.os.patch.level" value="unknown"/>
    <property name="java.library.path" value="/usr/java/packages/lib/amd64:/usr/lib/x86_64-linux-gnu/jni:/lib/x86_64-linux-gnu:/usr/lib/x86_64-linux-gnu:/usr/lib/jni:/lib:/usr/lib"/>
    <property name="java.vm.info" value="mixed mode"/>
    <property name="java.vendor" value="Oracle Corporation"/>
    <property name="java.vm.version" value="25.191-b12"/>
    <property name="java.ext.dirs" value="/usr/lib/jvm/java-8-openjdk-amd64/jre/lib/ext:/usr/java/packages/lib/ext"/>
    <property name="sun.io.unicode.encoding" value="UnicodeLittle"/>
    <property name="java.class.version" value="52.0"/>
  </properties>
</testsuite>